#
# There is insufficient memory for the Java Runtime Environment to continue.
# Native memory allocation (malloc) failed to allocate 32744 bytes for ChunkPool::allocate
# Possible reasons:
#   The system is out of physical RAM or swap space
#   In 32 bit mode, the process size limit was hit
# Possible solutions:
#   Reduce memory load on the system
#   Increase physical memory or swap space
#   Check if swap backing store is full
#   Use 64 bit Java on a 64 bit OS
#   Decrease Java heap size (-Xmx/-Xms)
#   Decrease number of Java threads
#   Decrease Java thread stack sizes (-Xss)
#   Set larger code cache with -XX:ReservedCodeCacheSize=
# This output file may be truncated or incomplete.
#
#  Out of Memory Error (allocation.cpp:273), pid=26052, tid=25776
#
# JRE version: Java(TM) SE Runtime Environment (8.0_65-b17) (build 1.8.0_65-b17)
# Java VM: Java HotSpot(TM) 64-Bit Server VM (25.65-b01 mixed mode windows-amd64 compressed oops)
# Failed to write core dump. Minidumps are not enabled by default on client versions of Windows
#

---------------  T H R E A D  ---------------

Current thread (0x000000001453b800):  JavaThread "C2 CompilerThread0" daemon [_thread_in_native, id=25776, stack(0x0000000015b70000,0x0000000015c70000)]

Stack: [0x0000000015b70000,0x0000000015c70000]
[error occurred during error reporting (printing stack bounds), id 0xc0000005]

Native frames: (J=compiled Java code, j=interpreted, Vv=VM code, C=native code)


Current CompileTask:
C2:  58399 3073       4       java.net.URLClassLoader$1::run (5 bytes)


---------------  P R O C E S S  ---------------

Java Threads: ( => current thread )
  0x0000000016b4d800 JavaThread "Thread-2" [_thread_in_native, id=25788, stack(0x000000001ab00000,0x000000001ac00000)]
  0x0000000016b4f000 JavaThread "Thread-1" [_thread_in_native, id=25836, stack(0x000000001aa00000,0x000000001ab00000)]
  0x0000000016b4e800 JavaThread "ThreadedStreamConsumer" [_thread_in_vm, id=23304, stack(0x000000001a900000,0x000000001aa00000)]
  0x0000000016b4a000 JavaThread "resolver-4" daemon [_thread_blocked, id=20728, stack(0x000000001a520000,0x000000001a620000)]
  0x0000000016b4d000 JavaThread "resolver-3" daemon [_thread_blocked, id=22720, stack(0x000000001a420000,0x000000001a520000)]
  0x0000000016b4a800 JavaThread "resolver-2" daemon [_thread_blocked, id=26284, stack(0x000000001a320000,0x000000001a420000)]
  0x0000000016b49000 JavaThread "resolver-1" daemon [_thread_blocked, id=25540, stack(0x000000001a220000,0x000000001a320000)]
  0x000000001459e800 JavaThread "Service Thread" daemon [_thread_blocked, id=26388, stack(0x0000000016270000,0x0000000016370000)]
  0x0000000014548800 JavaThread "C1 CompilerThread2" daemon [_thread_blocked, id=23716, stack(0x0000000015d70000,0x0000000015e70000)]
  0x0000000014546000 JavaThread "C2 CompilerThread1" daemon [_thread_in_native, id=25232, stack(0x0000000015c70000,0x0000000015d70000)]
=>0x000000001453b800 JavaThread "C2 CompilerThread0" daemon [_thread_in_native, id=25776, stack(0x0000000015b70000,0x0000000015c70000)]
  0x000000001453a000 JavaThread "Attach Listener" daemon [_thread_blocked, id=26604, stack(0x0000000015a70000,0x0000000015b70000)]
  0x0000000014538800 JavaThread "Signal Dispatcher" daemon [_thread_blocked, id=26588, stack(0x0000000015970000,0x0000000015a70000)]
  0x0000000014509000 JavaThread "Finalizer" daemon [_thread_blocked, id=25832, stack(0x0000000015790000,0x0000000015890000)]
  0x0000000001f11800 JavaThread "Reference Handler" daemon [_thread_blocked, id=25672, stack(0x0000000015690000,0x0000000015790000)]
  0x000000000056e000 JavaThread "main" [_thread_in_native, id=25072, stack(0x0000000001d20000,0x0000000001e20000)]

Other Threads:
  0x0000000014507800 VMThread [stack: 0x0000000015590000,0x0000000015690000] [id=26168]
  0x0000000015ebd800 WatcherThread [stack: 0x0000000016370000,0x0000000016470000] [id=24896]

VM state:not at safepoint (normal execution)

VM Mutex/Monitor currently owned by a thread: None

Heap:
 PSYoungGen      total 139776K, used 71394K [0x00000000eb100000, 0x00000000f4200000, 0x0000000100000000)
  eden space 131072K, 49% used [0x00000000eb100000,0x00000000ef0e8b60,0x00000000f3100000)
  from space 8704K, 68% used [0x00000000f3980000,0x00000000f3f50020,0x00000000f4200000)
  to   space 8704K, 0% used [0x00000000f3100000,0x00000000f3100000,0x00000000f3980000)
 ParOldGen       total 44032K, used 12106K [0x00000000c1200000, 0x00000000c3d00000, 0x00000000eb100000)
  object space 44032K, 27% used [0x00000000c1200000,0x00000000c1dd2938,0x00000000c3d00000)
 Metaspace       used 15018K, capacity 15266K, committed 15488K, reserved 1062912K
  class space    used 1729K, capacity 1812K, committed 1920K, reserved 1048576K

Card table byte_map: [0x00000000112e0000,0x00000000114e0000] byte_map_base: 0x0000000010cd7000

Marking Bits: (ParMarkBitMap*) 0x0000000060eca5b0
 Begin Bits: [0x0000000011a30000, 0x00000000129e8000)
 End Bits:   [0x00000000129e8000, 0x00000000139a0000)

Polling page: 0x0000000000570000

CodeCache: size=245760Kb used=10971Kb max_used=10983Kb free=234788Kb
 bounds [0x0000000001f20000, 0x0000000002a00000, 0x0000000010f20000]
 total_blobs=3354 nmethods=3012 adapters=254
 compilation: enabled

Compilation events (10 events):
Event: 58.268 Thread 0x0000000014548800 3069   !   3       java.io.PrintWriter::write (49 bytes)
Event: 58.269 Thread 0x0000000014548800 nmethod 3069 0x00000000029d2a10 code [0x00000000029d2bc0, 0x00000000029d3248]
Event: 58.269 Thread 0x0000000014548800 3070       3       java.io.OutputStreamWriter::write (9 bytes)
Event: 58.269 Thread 0x0000000014548800 nmethod 3070 0x0000000002081310 code [0x0000000002081480, 0x0000000002081728]
Event: 58.271 Thread 0x000000001453b800 3071       4       org.apache.maven.plugin.surefire.report.StatelessXmlReporter::isIllegalEscape (5 bytes)
Event: 58.271 Thread 0x000000001453b800 nmethod 3071 0x000000000202ee90 code [0x000000000202efc0, 0x000000000202f018]
Event: 58.272 Thread 0x0000000014546000 3072       4       sun.nio.cs.UTF_8$Encoder::encodeArrayLoop (489 bytes)
Event: 58.281 Thread 0x0000000014546000 nmethod 3072 0x000000000204ae10 code [0x000000000204af60, 0x000000000204b418]
Event: 58.282 Thread 0x000000001453b800 3073       4       java.net.URLClassLoader$1::run (5 bytes)
Event: 58.315 Thread 0x0000000014546000 3074   !   4       java.net.URLClassLoader$1::run (63 bytes)

GC Heap History (10 events):
Event: 1.145 GC heap before
{Heap before GC invocations=2 (full 0):
 PSYoungGen      total 18944K, used 18939K [0x00000000eb100000, 0x00000000ed600000, 0x0000000100000000)
  eden space 16384K, 100% used [0x00000000eb100000,0x00000000ec100000,0x00000000ec100000)
  from space 2560K, 99% used [0x00000000ec100000,0x00000000ec37ecc8,0x00000000ec380000)
  to   space 2560K, 0% used [0x00000000ed380000,0x00000000ed380000,0x00000000ed600000)
 ParOldGen       total 44032K, used 596K [0x00000000c1200000, 0x00000000c3d00000, 0x00000000eb100000)
  object space 44032K, 1% used [0x00000000c1200000,0x00000000c1295140,0x00000000c3d00000)
 Metaspace       used 7632K, capacity 7778K, committed 7936K, reserved 1056768K
  class space    used 961K, capacity 1017K, committed 1024K, reserved 1048576K
Event: 1.149 GC heap after
Heap after GC invocations=2 (full 0):
 PSYoungGen      total 35328K, used 2545K [0x00000000eb100000, 0x00000000ed600000, 0x0000000100000000)
  eden space 32768K, 0% used [0x00000000eb100000,0x00000000eb100000,0x00000000ed100000)
  from space 2560K, 99% used [0x00000000ed380000,0x00000000ed5fc590,0x00000000ed600000)
  to   space 2560K, 0% used [0x00000000ed100000,0x00000000ed100000,0x00000000ed380000)
 ParOldGen       total 44032K, used 628K [0x00000000c1200000, 0x00000000c3d00000, 0x00000000eb100000)
  object space 44032K, 1% used [0x00000000c1200000,0x00000000c129d178,0x00000000c3d00000)
 Metaspace       used 7632K, capacity 7778K, committed 7936K, reserved 1056768K
  class space    used 961K, capacity 1017K, committed 1024K, reserved 1048576K
}
Event: 2.370 GC heap before
{Heap before GC invocations=3 (full 0):
 PSYoungGen      total 35328K, used 35313K [0x00000000eb100000, 0x00000000ed600000, 0x0000000100000000)
  eden space 32768K, 100% used [0x00000000eb100000,0x00000000ed100000,0x00000000ed100000)
  from space 2560K, 99% used [0x00000000ed380000,0x00000000ed5fc590,0x00000000ed600000)
  to   space 2560K, 0% used [0x00000000ed100000,0x00000000ed100000,0x00000000ed380000)
 ParOldGen       total 44032K, used 628K [0x00000000c1200000, 0x00000000c3d00000, 0x00000000eb100000)
  object space 44032K, 1% used [0x00000000c1200000,0x00000000c129d178,0x00000000c3d00000)
 Metaspace       used 11850K, capacity 12020K, committed 12288K, reserved 1060864K
  class space    used 1456K, capacity 1507K, committed 1536K, reserved 1048576K
Event: 2.383 GC heap after
Heap after GC invocations=3 (full 0):
 PSYoungGen      total 35328K, used 2544K [0x00000000eb100000, 0x00000000ef600000, 0x0000000100000000)
  eden space 32768K, 0% used [0x00000000eb100000,0x00000000eb100000,0x00000000ed100000)
  from space 2560K, 99% used [0x00000000ed100000,0x00000000ed37c010,0x00000000ed380000)
  to   space 2560K, 0% used [0x00000000ef380000,0x00000000ef380000,0x00000000ef600000)
 ParOldGen       total 44032K, used 5249K [0x00000000c1200000, 0x00000000c3d00000, 0x00000000eb100000)
  object space 44032K, 11% used [0x00000000c1200000,0x00000000c17206d8,0x00000000c3d00000)
 Metaspace       used 11850K, capacity 12020K, committed 12288K, reserved 1060864K
  class space    used 1456K, capacity 1507K, committed 1536K, reserved 1048576K
}
Event: 3.932 GC heap before
{Heap before GC invocations=4 (full 0):
 PSYoungGen      total 35328K, used 35312K [0x00000000eb100000, 0x00000000ef600000, 0x0000000100000000)
  eden space 32768K, 100% used [0x00000000eb100000,0x00000000ed100000,0x00000000ed100000)
  from space 2560K, 99% used [0x00000000ed100000,0x00000000ed37c010,0x00000000ed380000)
  to   space 2560K, 0% used [0x00000000ef380000,0x00000000ef380000,0x00000000ef600000)
 ParOldGen       total 44032K, used 5249K [0x00000000c1200000, 0x00000000c3d00000, 0x00000000eb100000)
  object space 44032K, 11% used [0x00000000c1200000,0x00000000c17206d8,0x00000000c3d00000)
 Metaspace       used 12480K, capacity 12742K, committed 12928K, reserved 1060864K
  class space    used 1515K, capacity 1579K, committed 1664K, reserved 1048576K
Event: 3.944 GC heap after
Heap after GC invocations=4 (full 0):
 PSYoungGen      total 68096K, used 2560K [0x00000000eb100000, 0x00000000ef600000, 0x0000000100000000)
  eden space 65536K, 0% used [0x00000000eb100000,0x00000000eb100000,0x00000000ef100000)
  from space 2560K, 100% used [0x00000000ef380000,0x00000000ef600000,0x00000000ef600000)
  to   space 2560K, 0% used [0x00000000ef100000,0x00000000ef100000,0x00000000ef380000)
 ParOldGen       total 44032K, used 8218K [0x00000000c1200000, 0x00000000c3d00000, 0x00000000eb100000)
  object space 44032K, 18% used [0x00000000c1200000,0x00000000c1a06908,0x00000000c3d00000)
 Metaspace       used 12480K, capacity 12742K, committed 12928K, reserved 1060864K
  class space    used 1515K, capacity 1579K, committed 1664K, reserved 1048576K
}
Event: 4.956 GC heap before
{Heap before GC invocations=5 (full 0):
 PSYoungGen      total 68096K, used 68096K [0x00000000eb100000, 0x00000000ef600000, 0x0000000100000000)
  eden space 65536K, 100% used [0x00000000eb100000,0x00000000ef100000,0x00000000ef100000)
  from space 2560K, 100% used [0x00000000ef380000,0x00000000ef600000,0x00000000ef600000)
  to   space 2560K, 0% used [0x00000000ef100000,0x00000000ef100000,0x00000000ef380000)
 ParOldGen       total 44032K, used 8218K [0x00000000c1200000, 0x00000000c3d00000, 0x00000000eb100000)
  object space 44032K, 18% used [0x00000000c1200000,0x00000000c1a06908,0x00000000c3d00000)
 Metaspace       used 12765K, capacity 12984K, committed 13184K, reserved 1060864K
  class space    used 1521K, capacity 1614K, committed 1664K, reserved 1048576K
Event: 4.975 GC heap after
Heap after GC invocations=5 (full 0):
 PSYoungGen      total 68096K, used 2544K [0x00000000eb100000, 0x00000000f4200000, 0x0000000100000000)
  eden space 65536K, 0% used [0x00000000eb100000,0x00000000eb100000,0x00000000ef100000)
  from space 2560K, 99% used [0x00000000ef100000,0x00000000ef37c010,0x00000000ef380000)
  to   space 8704K, 0% used [0x00000000f3980000,0x00000000f3980000,0x00000000f4200000)
 ParOldGen       total 44032K, used 12098K [0x00000000c1200000, 0x00000000c3d00000, 0x00000000eb100000)
  object space 44032K, 27% used [0x00000000c1200000,0x00000000c1dd0938,0x00000000c3d00000)
 Metaspace       used 12765K, capacity 12984K, committed 13184K, reserved 1060864K
  class space    used 1521K, capacity 1614K, committed 1664K, reserved 1048576K
}
Event: 6.393 GC heap before
{Heap before GC invocations=6 (full 0):
 PSYoungGen      total 68096K, used 68080K [0x00000000eb100000, 0x00000000f4200000, 0x0000000100000000)
  eden space 65536K, 100% used [0x00000000eb100000,0x00000000ef100000,0x00000000ef100000)
  from space 2560K, 99% used [0x00000000ef100000,0x00000000ef37c010,0x00000000ef380000)
  to   space 8704K, 0% used [0x00000000f3980000,0x00000000f3980000,0x00000000f4200000)
 ParOldGen       total 44032K, used 12098K [0x00000000c1200000, 0x00000000c3d00000, 0x00000000eb100000)
  object space 44032K, 27% used [0x00000000c1200000,0x00000000c1dd0938,0x00000000c3d00000)
 Metaspace       used 13092K, capacity 13392K, committed 13696K, reserved 1060864K
  class space    used 1532K, capacity 1618K, committed 1664K, reserved 1048576K
Event: 6.414 GC heap after
Heap after GC invocations=6 (full 0):
 PSYoungGen      total 139776K, used 5952K [0x00000000eb100000, 0x00000000f4200000, 0x0000000100000000)
  eden space 131072K, 0% used [0x00000000eb100000,0x00000000eb100000,0x00000000f3100000)
  from space 8704K, 68% used [0x00000000f3980000,0x00000000f3f50020,0x00000000f4200000)
  to   space 8704K, 0% used [0x00000000f3100000,0x00000000f3100000,0x00000000f3980000)
 ParOldGen       total 44032K, used 12106K [0x00000000c1200000, 0x00000000c3d00000, 0x00000000eb100000)
  object space 44032K, 27% used [0x00000000c1200000,0x00000000c1dd2938,0x00000000c3d00000)
 Metaspace       used 13092K, capacity 13392K, committed 13696K, reserved 1060864K
  class space    used 1532K, capacity 1618K, committed 1664K, reserved 1048576K
}

Deoptimization events (10 events):
Event: 9.250 Thread 0x000000000056e000 Uncommon trap: reason=unstable_if action=reinterpret pc=0x0000000002765a38 method=org.apache.maven.model.ConfigurationContainer.getLocation(Ljava/lang/Object;)Lorg/apache/maven/model/InputLocation; @ 4
Event: 9.250 Thread 0x000000000056e000 Uncommon trap: reason=unstable_if action=reinterpret pc=0x0000000002543e1c method=org.apache.maven.model.ConfigurationContainer.getLocation(Ljava/lang/Object;)Lorg/apache/maven/model/InputLocation; @ 4
Event: 9.250 Thread 0x000000000056e000 Uncommon trap: reason=unstable_if action=reinterpret pc=0x00000000027c3864 method=org.apache.maven.model.ConfigurationContainer.getLocation(Ljava/lang/Object;)Lorg/apache/maven/model/InputLocation; @ 4
Event: 9.427 Thread 0x000000000056e000 Uncommon trap: reason=unstable_if action=reinterpret pc=0x0000000002859968 method=java.io.WinNTFileSystem.normalize(Ljava/lang/String;)Ljava/lang/String; @ 128
Event: 9.428 Thread 0x000000000056e000 Uncommon trap: reason=class_check action=maybe_recompile pc=0x0000000002383654 method=java.util.AbstractList$Itr.hasNext()Z @ 8
Event: 9.428 Thread 0x000000000056e000 Uncommon trap: reason=class_check action=maybe_recompile pc=0x0000000002482d84 method=java.util.AbstractList$Itr.next()Ljava/lang/Object; @ 14
Event: 9.629 Thread 0x000000000056e000 Uncommon trap: reason=unstable_if action=reinterpret pc=0x000000000277679c method=java.util.StringTokenizer.setMaxDelimCodePoint()V @ 71
Event: 9.717 Thread 0x000000000056e000 Uncommon trap: reason=unstable_if action=reinterpret pc=0x00000000029c5a90 method=java.util.zip.DeflaterOutputStream.deflate()V @ 19
Event: 10.781 Thread 0x0000000016b4e800 Uncommon trap: reason=unstable_if action=reinterpret pc=0x0000000002922424 method=java.lang.ThreadLocal.get()Ljava/lang/Object; @ 11
Event: 10.838 Thread 0x0000000016b4f000 Uncommon trap: reason=unstable_if action=reinterpret pc=0x00000000029dcdb8 method=java.io.BufferedReader.readLine(Z)Ljava/lang/String; @ 192

Internal exceptions (10 events):
Event: 2.747 Thread 0x000000000056e000 Implicit null exception at 0x0000000002465477 to 0x00000000024656c1
Event: 3.868 Thread 0x000000000056e000 Implicit null exception at 0x00000000022c55d5 to 0x00000000022c57ad
Event: 3.869 Thread 0x000000000056e000 Implicit null exception at 0x000000000223a12f to 0x000000000223a199
Event: 3.871 Thread 0x000000000056e000 Implicit null exception at 0x000000000252cff5 to 0x000000000252d299
Event: 3.871 Thread 0x000000000056e000 Implicit null exception at 0x000000000240feb2 to 0x00000000024106dd
Event: 3.872 Thread 0x000000000056e000 Implicit null exception at 0x00000000022a173b to 0x00000000022a1cfd
Event: 5.240 Thread 0x000000000056e000 Implicit null exception at 0x00000000026e9f95 to 0x00000000026ebefd
Event: 9.033 Thread 0x000000000056e000 Exception <a 'java/lang/NoClassDefFoundError': org/slf4j/Logger> (0x00000000ecc9ed90) thrown at [C:\workspace\8-2-build-windows-amd64-cygwin\jdk8u65\4987\hotspot\src\share\vm\oops\constantPool.cpp, line 235]
Event: 9.245 Thread 0x000000000056e000 Implicit null exception at 0x0000000002945fb7 to 0x0000000002946201
Event: 10.781 Thread 0x0000000016b4e800 Implicit null exception at 0x0000000002922368 to 0x0000000002922411

Events (10 events):
Event: 58.281 Thread 0x0000000016b4e800 DEOPT PACKING pc=0x0000000002195eb3 sp=0x000000001a9fe9e0
Event: 58.281 Thread 0x0000000016b4e800 DEOPT UNPACKING pc=0x0000000001f6787f sp=0x000000001a9fe7d0 mode 0
Event: 58.282 loading class org/apache/maven/plugin/surefire/report/StatelessXmlReporter$ByteConstantsHolder
Event: 58.282 loading class org/apache/maven/plugin/surefire/report/StatelessXmlReporter$ByteConstantsHolder done
Event: 58.282 loading class org/apache/maven/plugin/surefire/report/StatelessXmlReporter$ByteConstantsHolder
Event: 58.282 loading class org/apache/maven/plugin/surefire/report/StatelessXmlReporter$ByteConstantsHolder done
Event: 58.282 loading class org/apache/maven/plugin/surefire/report/StatelessXmlReporter$ByteConstantsHolder
Event: 58.282 loading class org/apache/maven/plugin/surefire/report/StatelessXmlReporter$ByteConstantsHolder done
Event: 58.282 loading class org/apache/maven/plugin/surefire/report/StatelessXmlReporter$ByteConstantsHolder
Event: 58.282 loading class org/apache/maven/plugin/surefire/report/StatelessXmlReporter$ByteConstantsHolder done


Dynamic libraries:
0x00007ff64ef10000 - 0x00007ff64ef47000 	C:\Program Files\Java\jdk1.8.0_65\bin\java.exe
0x00007ffb5f7c0000 - 0x00007ffb5f96d000 	C:\Windows\SYSTEM32\ntdll.dll
0x00007ffb5f680000 - 0x00007ffb5f7be000 	C:\Windows\system32\KERNEL32.DLL
0x00007ffb5ca20000 - 0x00007ffb5cb35000 	C:\Windows\system32\KERNELBASE.dll
0x00007ffb5b4c0000 - 0x00007ffb5b54e000 	C:\Windows\system32\apphelp.dll
0x00007ffb49ac0000 - 0x00007ffb49b13000 	C:\Windows\AppPatch\AppPatch64\AcGenral.DLL
0x00007ffb5d2e0000 - 0x00007ffb5d38a000 	C:\Windows\system32\msvcrt.dll
0x00007ffb5cc40000 - 0x00007ffb5cc6e000 	C:\Windows\system32\SspiCli.dll
0x00007ffb5d390000 - 0x00007ffb5d3e4000 	C:\Windows\system32\SHLWAPI.dll
0x00007ffb5d3f0000 - 0x00007ffb5d567000 	C:\Windows\system32\USER32.dll
0x00007ffb5f330000 - 0x00007ffb5f4c4000 	C:\Windows\system32\ole32.dll
0x00007ffb5d780000 - 0x00007ffb5eca9000 	C:\Windows\system32\SHELL32.dll
0x00007ffb5c0a0000 - 0x00007ffb5c0c1000 	C:\Windows\SYSTEM32\USERENV.dll
0x00007ffb5ef40000 - 0x00007ffb5efea000 	C:\Windows\system32\ADVAPI32.dll
0x00007ffb4af40000 - 0x00007ffb4af5e000 	C:\Windows\SYSTEM32\MPR.dll
0x00007ffb5d640000 - 0x00007ffb5d780000 	C:\Windows\system32\RPCRT4.dll
0x00007ffb5f2d0000 - 0x00007ffb5f329000 	C:\Windows\SYSTEM32\sechost.dll
0x00007ffb5f040000 - 0x00007ffb5f251000 	C:\Windows\SYSTEM32\combase.dll
0x00007ffb5ecb0000 - 0x00007ffb5edff000 	C:\Windows\system32\GDI32.dll
0x00007ffb5c8f0000 - 0x00007ffb5c905000 	C:\Windows\SYSTEM32\profapi.dll
0x00007ffb5ace0000 - 0x00007ffb5ad92000 	C:\Windows\SYSTEM32\SHCORE.dll
0x00007ffb5eff0000 - 0x00007ffb5f026000 	C:\Windows\system32\IMM32.DLL
0x00007ffb5ceb0000 - 0x00007ffb5d002000 	C:\Windows\system32\MSCTF.dll
0x00007ffb59d60000 - 0x00007ffb59fdb000 	C:\Windows\WinSxS\amd64_microsoft.windows.common-controls_6595b64144ccf1df_6.0.9600.18006_none_623f33d3ecbe86e8\COMCTL32.dll
0x0000000061b70000 - 0x0000000061c42000 	C:\Program Files\Java\jdk1.8.0_65\jre\bin\msvcr100.dll
0x00000000606c0000 - 0x0000000060f49000 	C:\Program Files\Java\jdk1.8.0_65\jre\bin\server\jvm.dll
0x00007ffb53210000 - 0x00007ffb53219000 	C:\Windows\SYSTEM32\WSOCK32.dll
0x00007ffb54e20000 - 0x00007ffb54e42000 	C:\Windows\SYSTEM32\WINMM.dll
0x00007ffb53340000 - 0x00007ffb5334a000 	C:\Windows\SYSTEM32\VERSION.dll
0x00007ffb5d2d0000 - 0x00007ffb5d2d7000 	C:\Windows\system32\PSAPI.DLL
0x00007ffb5ce50000 - 0x00007ffb5ceaa000 	C:\Windows\system32\WS2_32.dll
0x00007ffb54df0000 - 0x00007ffb54e1a000 	C:\Windows\SYSTEM32\WINMMBASE.dll
0x00007ffb5f2c0000 - 0x00007ffb5f2c9000 	C:\Windows\system32\NSI.dll
0x00007ffb5cb40000 - 0x00007ffb5cb8f000 	C:\Windows\SYSTEM32\cfgmgr32.dll
0x00007ffb5b730000 - 0x00007ffb5b758000 	C:\Windows\SYSTEM32\DEVOBJ.dll
0x0000000061b20000 - 0x0000000061b2f000 	C:\Program Files\Java\jdk1.8.0_65\jre\bin\verify.dll
0x0000000061af0000 - 0x0000000061b19000 	C:\Program Files\Java\jdk1.8.0_65\jre\bin\java.dll
0x0000000061ad0000 - 0x0000000061ae6000 	C:\Program Files\Java\jdk1.8.0_65\jre\bin\zip.dll
0x0000000061ab0000 - 0x0000000061aca000 	C:\Program Files\Java\jdk1.8.0_65\jre\bin\net.dll
0x00007ffb5bff0000 - 0x00007ffb5c049000 	C:\Windows\system32\mswsock.dll
0x0000000061a90000 - 0x0000000061aa1000 	C:\Program Files\Java\jdk1.8.0_65\jre\bin\nio.dll
0x00007ffb5c140000 - 0x00007ffb5c160000 	C:\Windows\SYSTEM32\CRYPTSP.dll
0x00007ffb5be20000 - 0x00007ffb5be56000 	C:\Windows\system32\rsaenh.dll
0x00007ffb5c3e0000 - 0x00007ffb5c406000 	C:\Windows\SYSTEM32\bcrypt.dll
0x00007ffb5c6f0000 - 0x00007ffb5c753000 	C:\Windows\system32\bcryptprimitives.dll
0x00007ffb5c760000 - 0x00007ffb5c76b000 	C:\Windows\SYSTEM32\CRYPTBASE.dll
0x00007ffb57550000 - 0x00007ffb5757a000 	C:\Windows\SYSTEM32\IPHLPAPI.DLL
0x00007ffb57520000 - 0x00007ffb5752a000 	C:\Windows\SYSTEM32\WINNSI.DLL
0x00007ffb57040000 - 0x00007ffb57056000 	C:\Windows\SYSTEM32\dhcpcsvc6.DLL
0x00007ffb56ee0000 - 0x00007ffb56efa000 	C:\Windows\SYSTEM32\dhcpcsvc.DLL

VM Arguments:
jvm_args: -Dclassworlds.conf=C:\Program Files\NetBeans 8.1\java\maven\bin\m2.conf -Dmaven.home=C:\Program Files\NetBeans 8.1\java\maven 
java_command: org.codehaus.plexus.classworlds.launcher.Launcher -Dtest=org.GestionFormation.dao.UtilisateursRepositoryTest -Dmaven.ext.class.path=C:\Program Files\NetBeans 8.1\java\maven-nblib\netbeans-eventspy.jar -Dfile.encoding=UTF-8 surefire:test
java_class_path (initial): C:\Program Files\NetBeans 8.1\java\maven\boot\plexus-classworlds-2.4.jar
Launcher Type: SUN_STANDARD

Environment Variables:
JAVA_HOME=C:\Program Files\Java\jdk1.8.0_65
CLASSPATH=C:\Program Files (x86)\Java\jdk1.7.0_55\jre\lib
PATH=D:\Etude\Oracle\oracle_installation\product\11.2.0\dbhome_1\bin;C:\ProgramData\Oracle\Java\javapath;C:\Windows\system32;C:\Windows;C:\Windows\System32\Wbem;C:\Windows\System32\WindowsPowerShell\v1.0\;C:\Program Files\Intel\WiFi\bin\;C:\Program Files\Common Files\Intel\WirelessCommon\;C:\Program Files\Microsoft SQL Server\120\Tools\Binn\;C:\Program Files (x86)\Windows Kits\10\Windows Performance Toolkit\;C:\wamp\bin\php\php5.5.12;C:\ProgramData\ComposerSetup\bin;C:\Program Files (x86)\Skype\Phone\;D:\Etude\AngularJs\Node\;C:\Program Files (x86)\Heroku\bin;C:\Program Files (x86)\git\cmd;C:\Program Files (x86)\Brackets\command;C:\Program Files\Microsoft SQL Server\130\Tools\Binn\;C:\Program Files\Intel\WiFi\bin\;C:\Program Files\Common Files\Intel\WirelessCommon\;C:\Program Files (x86)\Microsoft VS Code\bin;C:\Program Files\Java\jdk1.8.0_65\bin;C:\Users\Ayoub\AppData\Roaming\npm;$ORACLE_HOME;D:\Etude\JavaEE\Utils\apache-maven-3.3.9\bin;C:\Program Files\MongoDB\Server\3.2\bin;C:\ant\apache-ant-1.9.7/bin
USERNAME=Ayoub
OS=Windows_NT
PROCESSOR_IDENTIFIER=Intel64 Family 6 Model 69 Stepping 1, GenuineIntel



---------------  S Y S T E M  ---------------

OS: Windows 8.1 , 64 bit Build 9600 (6.3.9600.17415)

CPU:total 4 (2 cores per cpu, 2 threads per core) family 6 model 69 stepping 1, cmov, cx8, fxsr, mmx, sse, sse2, sse3, ssse3, sse4.1, sse4.2, popcnt, avx, avx2, aes, clmul, erms, lzcnt, ht, tsc, tscinvbit, bmi1, bmi2

Memory: 4k page, physical 4117744k(110012k free), swap 7263472k(5180k free)

vm_info: Java HotSpot(TM) 64-Bit Server VM (25.65-b01) for windows-amd64 JRE (1.8.0_65-b17), built on Oct  6 2015 16:39:20 by "java_re" with MS VC++ 10.0 (VS2010)

time: Thu Sep 08 19:17:21 2016
elapsed time: 58 seconds (0d 0h 0m 58s)

