#
# There is insufficient memory for the Java Runtime Environment to continue.
# Native memory allocation (malloc) failed to allocate 1866048 bytes for Chunk::new
# Possible reasons:
#   The system is out of physical RAM or swap space
#   In 32 bit mode, the process size limit was hit
# Possible solutions:
#   Reduce memory load on the system
#   Increase physical memory or swap space
#   Check if swap backing store is full
#   Use 64 bit Java on a 64 bit OS
#   Decrease Java heap size (-Xmx/-Xms)
#   Decrease number of Java threads
#   Decrease Java thread stack sizes (-Xss)
#   Set larger code cache with -XX:ReservedCodeCacheSize=
# This output file may be truncated or incomplete.
#
#  Out of Memory Error (allocation.cpp:390), pid=12656, tid=14944
#
# JRE version: Java(TM) SE Runtime Environment (8.0_65-b17) (build 1.8.0_65-b17)
# Java VM: Java HotSpot(TM) 64-Bit Server VM (25.65-b01 mixed mode windows-amd64 compressed oops)
# Failed to write core dump. Minidumps are not enabled by default on client versions of Windows
#

---------------  T H R E A D  ---------------

Current thread (0x0000000015343000):  JavaThread "C2 CompilerThread0" daemon [_thread_in_native, id=14944, stack(0x0000000016890000,0x0000000016990000)]

Stack: [0x0000000016890000,0x0000000016990000]
[error occurred during error reporting (printing stack bounds), id 0xc0000005]

Native frames: (J=compiled Java code, j=interpreted, Vv=VM code, C=native code)


Current CompileTask:
C2: 131910 5778   !   4       org.springframework.util.ReflectionUtils::doWithMethods (176 bytes)


---------------  P R O C E S S  ---------------

Java Threads: ( => current thread )
  0x00000000174f8800 JavaThread "Abandoned connection cleanup thread" daemon [_thread_blocked, id=15356, stack(0x000000001adc0000,0x000000001aec0000)]
  0x00000000174f4800 JavaThread "Tomcat JDBC Pool Cleaner[1309552426:1473365456421]" daemon [_thread_blocked, id=13868, stack(0x0000000019440000,0x0000000019540000)]
  0x00000000174f9000 JavaThread "container-0" [_thread_blocked, id=8528, stack(0x000000001d420000,0x000000001d520000)]
  0x00000000174f6000 JavaThread "ContainerBackgroundProcessor[StandardEngine[Tomcat].StandardHost[localhost].StandardContext[]]" daemon [_thread_blocked, id=12956, stack(0x000000001c320000,0x000000001c420000)]
  0x00000000183a8000 JavaThread "restartedMain" [_thread_in_native, id=15716, stack(0x0000000018e60000,0x0000000018f60000)]
  0x00000000176b4800 JavaThread "Thread-0" [_thread_blocked, id=14204, stack(0x0000000018d60000,0x0000000018e60000)]
  0x0000000016bd0000 JavaThread "Service Thread" daemon [_thread_blocked, id=14852, stack(0x0000000016f90000,0x0000000017090000)]
  0x000000001534f800 JavaThread "C1 CompilerThread2" daemon [_thread_blocked, id=14816, stack(0x0000000016a90000,0x0000000016b90000)]
  0x000000001534c800 JavaThread "C2 CompilerThread1" daemon [_thread_in_native, id=13248, stack(0x0000000016990000,0x0000000016a90000)]
=>0x0000000015343000 JavaThread "C2 CompilerThread0" daemon [_thread_in_native, id=14944, stack(0x0000000016890000,0x0000000016990000)]
  0x0000000015341000 JavaThread "Attach Listener" daemon [_thread_blocked, id=14528, stack(0x0000000016790000,0x0000000016890000)]
  0x0000000015340000 JavaThread "Signal Dispatcher" daemon [_thread_blocked, id=15784, stack(0x0000000016690000,0x0000000016790000)]
  0x0000000002d19800 JavaThread "Finalizer" daemon [_thread_blocked, id=14144, stack(0x0000000016590000,0x0000000016690000)]
  0x0000000015309000 JavaThread "Reference Handler" daemon [_thread_blocked, id=14376, stack(0x0000000016490000,0x0000000016590000)]
  0x0000000002c27000 JavaThread "main" [_thread_blocked, id=14340, stack(0x0000000002b20000,0x0000000002c20000)]

Other Threads:
  0x0000000015307800 VMThread [stack: 0x0000000016390000,0x0000000016490000] [id=14592]
  0x0000000015362800 WatcherThread [stack: 0x0000000017090000,0x0000000017190000] [id=14088]

VM state:not at safepoint (normal execution)

VM Mutex/Monitor currently owned by a thread: None

Heap:
 PSYoungGen      total 201216K, used 186095K [0x00000000eb100000, 0x00000000fe200000, 0x0000000100000000)
  eden space 186368K, 91% used [0x00000000eb100000,0x00000000f583f108,0x00000000f6700000)
  from space 14848K, 99% used [0x00000000fcb80000,0x00000000fd9fcda8,0x00000000fda00000)
  to   space 8192K, 0% used [0x00000000fda00000,0x00000000fda00000,0x00000000fe200000)
 ParOldGen       total 51200K, used 28978K [0x00000000c1200000, 0x00000000c4400000, 0x00000000eb100000)
  object space 51200K, 56% used [0x00000000c1200000,0x00000000c2e4cab0,0x00000000c4400000)
 Metaspace       used 51499K, capacity 52054K, committed 52440K, reserved 1095680K
  class space    used 6648K, capacity 6770K, committed 6872K, reserved 1048576K

Card table byte_map: [0x00000000120e0000,0x00000000122e0000] byte_map_base: 0x0000000011ad7000

Marking Bits: (ParMarkBitMap*) 0x0000000060eca5b0
 Begin Bits: [0x0000000012830000, 0x00000000137e8000)
 End Bits:   [0x00000000137e8000, 0x00000000147a0000)

Polling page: 0x00000000010f0000

CodeCache: size=245760Kb used=19116Kb max_used=19992Kb free=226643Kb
 bounds [0x0000000002d20000, 0x00000000040c0000, 0x0000000011d20000]
 total_blobs=5494 nmethods=4983 adapters=423
 compilation: enabled

Compilation events (10 events):
Event: 131.575 Thread 0x000000001534f800 6006   !   3       com.sun.proxy.$Proxy56::hashCode (32 bytes)
Event: 131.576 Thread 0x000000001534f800 nmethod 6006 0x0000000003065690 code [0x0000000003065820, 0x0000000003065cf8]
Event: 131.576 Thread 0x000000001534f800 6005   !   3       com.sun.proxy.$Proxy28::annotationType (29 bytes)
Event: 131.577 Thread 0x000000001534f800 nmethod 6005 0x0000000003889e90 code [0x000000000388a020, 0x000000000388a458]
Event: 131.578 Thread 0x000000001534c800 nmethod 6003 0x0000000003cc0a90 code [0x0000000003cc0be0, 0x0000000003cc0d98]
Event: 131.578 Thread 0x000000001534c800 6007   !   4       com.sun.proxy.$Proxy14::annotationType (29 bytes)
Event: 131.580 Thread 0x000000001534f800 6009   !   3       com.sun.proxy.$Proxy5::hashCode (32 bytes)
Event: 131.581 Thread 0x000000001534f800 nmethod 6009 0x000000000338fd50 code [0x000000000338fee0, 0x00000000033903b8]
Event: 131.583 Thread 0x000000001534c800 nmethod 6007 0x000000000300c810 code [0x000000000300c960, 0x000000000300caa8]
Event: 131.583 Thread 0x000000001534c800 6008       4       org.springframework.core.annotation.AnnotationUtils$AnnotationCacheKey::hashCode (19 bytes)

GC Heap History (10 events):
Event: 50.716 GC heap before
{Heap before GC invocations=11 (full 1):
 PSYoungGen      total 218624K, used 2500K [0x00000000eb100000, 0x00000000f9480000, 0x0000000100000000)
  eden space 204288K, 0% used [0x00000000eb100000,0x00000000eb100000,0x00000000f7880000)
  from space 14336K, 17% used [0x00000000f8680000,0x00000000f88f1310,0x00000000f9480000)
  to   space 14336K, 0% used [0x00000000f7880000,0x00000000f7880000,0x00000000f8680000)
 ParOldGen       total 44032K, used 16419K [0x00000000c1200000, 0x00000000c3d00000, 0x00000000eb100000)
  object space 44032K, 37% used [0x00000000c1200000,0x00000000c2208e78,0x00000000c3d00000)
 Metaspace       used 20875K, capacity 21126K, committed 21248K, reserved 1067008K
  class space    used 2642K, capacity 2719K, committed 2816K, reserved 1048576K
Event: 50.855 GC heap after
Heap after GC invocations=11 (full 1):
 PSYoungGen      total 218624K, used 0K [0x00000000eb100000, 0x00000000f9480000, 0x0000000100000000)
  eden space 204288K, 0% used [0x00000000eb100000,0x00000000eb100000,0x00000000f7880000)
  from space 14336K, 0% used [0x00000000f8680000,0x00000000f8680000,0x00000000f9480000)
  to   space 14336K, 0% used [0x00000000f7880000,0x00000000f7880000,0x00000000f8680000)
 ParOldGen       total 37888K, used 12520K [0x00000000c1200000, 0x00000000c3700000, 0x00000000eb100000)
  object space 37888K, 33% used [0x00000000c1200000,0x00000000c1e3a1e8,0x00000000c3700000)
 Metaspace       used 20875K, capacity 21126K, committed 21248K, reserved 1067008K
  class space    used 2642K, capacity 2719K, committed 2816K, reserved 1048576K
}
Event: 94.682 GC heap before
{Heap before GC invocations=12 (full 1):
 PSYoungGen      total 218624K, used 204288K [0x00000000eb100000, 0x00000000f9480000, 0x0000000100000000)
  eden space 204288K, 100% used [0x00000000eb100000,0x00000000f7880000,0x00000000f7880000)
  from space 14336K, 0% used [0x00000000f8680000,0x00000000f8680000,0x00000000f9480000)
  to   space 14336K, 0% used [0x00000000f7880000,0x00000000f7880000,0x00000000f8680000)
 ParOldGen       total 37888K, used 12520K [0x00000000c1200000, 0x00000000c3700000, 0x00000000eb100000)
  object space 37888K, 33% used [0x00000000c1200000,0x00000000c1e3a1e8,0x00000000c3700000)
 Metaspace       used 30180K, capacity 30472K, committed 30848K, reserved 1077248K
  class space    used 3798K, capacity 3877K, committed 3968K, reserved 1048576K
Event: 94.734 GC heap after
Heap after GC invocations=12 (full 1):
 PSYoungGen      total 218624K, used 11996K [0x00000000eb100000, 0x00000000ff080000, 0x0000000100000000)
  eden space 204288K, 0% used [0x00000000eb100000,0x00000000eb100000,0x00000000f7880000)
  from space 14336K, 83% used [0x00000000f7880000,0x00000000f8437230,0x00000000f8680000)
  to   space 15360K, 0% used [0x00000000fe180000,0x00000000fe180000,0x00000000ff080000)
 ParOldGen       total 37888K, used 12528K [0x00000000c1200000, 0x00000000c3700000, 0x00000000eb100000)
  object space 37888K, 33% used [0x00000000c1200000,0x00000000c1e3c1e8,0x00000000c3700000)
 Metaspace       used 30180K, capacity 30472K, committed 30848K, reserved 1077248K
  class space    used 3798K, capacity 3877K, committed 3968K, reserved 1048576K
}
Event: 111.681 GC heap before
{Heap before GC invocations=13 (full 1):
 PSYoungGen      total 218624K, used 132608K [0x00000000eb100000, 0x00000000ff080000, 0x0000000100000000)
  eden space 204288K, 59% used [0x00000000eb100000,0x00000000f26c90e0,0x00000000f7880000)
  from space 14336K, 83% used [0x00000000f7880000,0x00000000f8437230,0x00000000f8680000)
  to   space 15360K, 0% used [0x00000000fe180000,0x00000000fe180000,0x00000000ff080000)
 ParOldGen       total 37888K, used 12528K [0x00000000c1200000, 0x00000000c3700000, 0x00000000eb100000)
  object space 37888K, 33% used [0x00000000c1200000,0x00000000c1e3c1e8,0x00000000c3700000)
 Metaspace       used 34935K, capacity 35238K, committed 35416K, reserved 1079296K
  class space    used 4528K, capacity 4650K, committed 4696K, reserved 1048576K
Event: 111.697 GC heap after
Heap after GC invocations=13 (full 1):
 PSYoungGen      total 202240K, used 6976K [0x00000000eb100000, 0x00000000fe880000, 0x0000000100000000)
  eden space 195072K, 0% used [0x00000000eb100000,0x00000000eb100000,0x00000000f6f80000)
  from space 7168K, 97% used [0x00000000fe180000,0x00000000fe850128,0x00000000fe880000)
  to   space 14848K, 0% used [0x00000000fcb80000,0x00000000fcb80000,0x00000000fda00000)
 ParOldGen       total 37888K, used 18778K [0x00000000c1200000, 0x00000000c3700000, 0x00000000eb100000)
  object space 37888K, 49% used [0x00000000c1200000,0x00000000c2456870,0x00000000c3700000)
 Metaspace       used 34935K, capacity 35238K, committed 35416K, reserved 1079296K
  class space    used 4528K, capacity 4650K, committed 4696K, reserved 1048576K
}
Event: 111.697 GC heap before
{Heap before GC invocations=14 (full 2):
 PSYoungGen      total 202240K, used 6976K [0x00000000eb100000, 0x00000000fe880000, 0x0000000100000000)
  eden space 195072K, 0% used [0x00000000eb100000,0x00000000eb100000,0x00000000f6f80000)
  from space 7168K, 97% used [0x00000000fe180000,0x00000000fe850128,0x00000000fe880000)
  to   space 14848K, 0% used [0x00000000fcb80000,0x00000000fcb80000,0x00000000fda00000)
 ParOldGen       total 37888K, used 18778K [0x00000000c1200000, 0x00000000c3700000, 0x00000000eb100000)
  object space 37888K, 49% used [0x00000000c1200000,0x00000000c2456870,0x00000000c3700000)
 Metaspace       used 34935K, capacity 35238K, committed 35416K, reserved 1079296K
  class space    used 4528K, capacity 4650K, committed 4696K, reserved 1048576K
Event: 111.884 GC heap after
Heap after GC invocations=14 (full 2):
 PSYoungGen      total 202240K, used 0K [0x00000000eb100000, 0x00000000fe880000, 0x0000000100000000)
  eden space 195072K, 0% used [0x00000000eb100000,0x00000000eb100000,0x00000000f6f80000)
  from space 7168K, 0% used [0x00000000fe180000,0x00000000fe180000,0x00000000fe880000)
  to   space 14848K, 0% used [0x00000000fcb80000,0x00000000fcb80000,0x00000000fda00000)
 ParOldGen       total 51200K, used 24406K [0x00000000c1200000, 0x00000000c4400000, 0x00000000eb100000)
  object space 51200K, 47% used [0x00000000c1200000,0x00000000c29d5bf0,0x00000000c4400000)
 Metaspace       used 34935K, capacity 35238K, committed 35416K, reserved 1079296K
  class space    used 4528K, capacity 4650K, committed 4696K, reserved 1048576K
}
Event: 126.400 GC heap before
{Heap before GC invocations=15 (full 2):
 PSYoungGen      total 202240K, used 195072K [0x00000000eb100000, 0x00000000fe880000, 0x0000000100000000)
  eden space 195072K, 100% used [0x00000000eb100000,0x00000000f6f80000,0x00000000f6f80000)
  from space 7168K, 0% used [0x00000000fe180000,0x00000000fe180000,0x00000000fe880000)
  to   space 14848K, 0% used [0x00000000fcb80000,0x00000000fcb80000,0x00000000fda00000)
 ParOldGen       total 51200K, used 24406K [0x00000000c1200000, 0x00000000c4400000, 0x00000000eb100000)
  object space 51200K, 47% used [0x00000000c1200000,0x00000000c29d5bf0,0x00000000c4400000)
 Metaspace       used 48405K, capacity 48894K, committed 49112K, reserved 1091584K
  class space    used 6212K, capacity 6334K, committed 6360K, reserved 1048576K
Event: 126.490 GC heap after
Heap after GC invocations=15 (full 2):
 PSYoungGen      total 201216K, used 14835K [0x00000000eb100000, 0x00000000fe200000, 0x0000000100000000)
  eden space 186368K, 0% used [0x00000000eb100000,0x00000000eb100000,0x00000000f6700000)
  from space 14848K, 99% used [0x00000000fcb80000,0x00000000fd9fcda8,0x00000000fda00000)
  to   space 8192K, 0% used [0x00000000fda00000,0x00000000fda00000,0x00000000fe200000)
 ParOldGen       total 51200K, used 28978K [0x00000000c1200000, 0x00000000c4400000, 0x00000000eb100000)
  object space 51200K, 56% used [0x00000000c1200000,0x00000000c2e4cab0,0x00000000c4400000)
 Metaspace       used 48405K, capacity 48894K, committed 49112K, reserved 1091584K
  class space    used 6212K, capacity 6334K, committed 6360K, reserved 1048576K
}

Deoptimization events (10 events):
Event: 127.180 Thread 0x00000000183a8000 Uncommon trap: reason=unstable_if action=reinterpret pc=0x000000000372ea38 method=java.util.concurrent.ConcurrentHashMap.transfer([Ljava/util/concurrent/ConcurrentHashMap$Node;[Ljava/util/concurrent/ConcurrentHashMap$Node;)V @ 356
Event: 127.180 Thread 0x00000000183a8000 Uncommon trap: reason=unstable_if action=reinterpret pc=0x0000000003508440 method=java.util.concurrent.ConcurrentHashMap.transfer([Ljava/util/concurrent/ConcurrentHashMap$Node;[Ljava/util/concurrent/ConcurrentHashMap$Node;)V @ 356
Event: 127.292 Thread 0x00000000183a8000 Uncommon trap: reason=unstable_if action=reinterpret pc=0x0000000003007b3c method=java.util.Arrays$ArrayList.indexOf(Ljava/lang/Object;)I @ 6
Event: 127.480 Thread 0x00000000183a8000 Uncommon trap: reason=unstable_if action=reinterpret pc=0x0000000003a7f908 method=java.util.ArrayList.indexOf(Ljava/lang/Object;)I @ 1
Event: 127.766 Thread 0x00000000183a8000 Uncommon trap: reason=unstable_if action=reinterpret pc=0x000000000346c3b8 method=org.springframework.beans.factory.support.AbstractBeanFactory.isFactoryBean(Ljava/lang/String;)Z @ 27
Event: 128.030 Thread 0x00000000183a8000 Uncommon trap: reason=predicate action=maybe_recompile pc=0x0000000003fb107c method=org.springframework.util.ReflectionUtils.doWithMethods(Ljava/lang/Class;Lorg/springframework/util/ReflectionUtils$MethodCallback;Lorg/springframework/util/ReflectionUtils$M¬/~iO	`@
Event: 128.291 Thread 0x00000000183a8000 Uncommon trap: reason=unstable_if action=reinterpret pc=0x000000000361d588 method=org.springframework.util.AntPathMatcher.skipSegment([CILjava/lang/String;)I @ 62
Event: 128.295 Thread 0x00000000183a8000 Uncommon trap: reason=unstable_if action=reinterpret pc=0x00000000030e3530 method=org.springframework.util.AntPathMatcher.skipSegment([CILjava/lang/String;)I @ 62
Event: 130.637 Thread 0x00000000183a8000 Uncommon trap: reason=unstable_if action=reinterpret pc=0x00000000031c1198 method=java.lang.String.concat(Ljava/lang/String;)Ljava/lang/String; @ 6
Event: 131.586 Thread 0x00000000183a8000 Uncommon trap: reason=null_check action=make_not_entrant pc=0x0000000003a496ec method=org.springframework.core.annotation.AnnotatedElementUtils.searchWithFindSemantics(Ljava/lang/reflect/AnnotatedElement;Ljava/lang/Class;Ljava/lang/String;Ljava/lang/Class;ìDW6~Ë_@

Internal exceptions (10 events):
Event: 130.717 Thread 0x00000000183a8000 Exception <a 'java/lang/ClassNotFoundException': org/springframework/core/OrderedCustomizer> (0x00000000f51f3bc8) thrown at [C:\workspace\8-2-build-windows-amd64-cygwin\jdk8u65\4987\hotspot\src\share\vm\classfile\systemDictionary.cpp, line 210]
Event: 130.779 Thread 0x00000000183a8000 Exception <a 'java/lang/ClassNotFoundException': java/lang/ObjectCustomizer> (0x00000000f52c5d88) thrown at [C:\workspace\8-2-build-windows-amd64-cygwin\jdk8u65\4987\hotspot\src\share\vm\classfile\systemDictionary.cpp, line 210]
Event: 130.781 Thread 0x00000000183a8000 Exception <a 'java/lang/ClassNotFoundException': org/springframework/web/servlet/handler/AbstractHandlerExceptionResolverCustomizer> (0x00000000f52ed890) thrown at [C:\workspace\8-2-build-windows-amd64-cygwin\jdk8u65\4987\hotspot\src\share\vm\classfile\sysµ}ø–Y`@
Event: 130.782 Thread 0x00000000183a8000 Exception <a 'java/lang/ClassNotFoundException': org/springframework/web/servlet/handler/AbstractHandlerMethodExceptionResolverCustomizer> (0x00000000f531e580) thrown at [C:\workspace\8-2-build-windows-amd64-cygwin\jdk8u65\4987\hotspot\src\share\vm\classfi¢§”­Y`@
Event: 130.783 Thread 0x00000000183a8000 Exception <a 'java/lang/ClassNotFoundException': org/springframework/web/servlet/mvc/method/annotation/ExceptionHandlerExceptionResolverCustomizer> (0x00000000f534b3d0) thrown at [C:\workspace\8-2-build-windows-amd64-cygwin\jdk8u65\4987\hotspot\src\share\vá³<r`@
Event: 131.570 Thread 0x00000000183a8000 Exception <a 'java/lang/ClassNotFoundException': org/springframework/context/ApplicationContextAwareCustomizer> (0x00000000f53a7d88) thrown at [C:\workspace\8-2-build-windows-amd64-cygwin\jdk8u65\4987\hotspot\src\share\vm\classfile\systemDictionary.cpp, li~î/JEr`@
Event: 131.571 Thread 0x00000000183a8000 Exception <a 'java/lang/ClassNotFoundException': org/springframework/beans/factory/InitializingBeanCustomizer> (0x00000000f53c6690) thrown at [C:\workspace\8-2-build-windows-amd64-cygwin\jdk8u65\4987\hotspot\src\share\vm\classfile\systemDictionary.cpp, lina×µMr`@
Event: 131.572 Thread 0x00000000183a8000 Exception <a 'java/lang/ClassNotFoundException': org/springframework/web/servlet/HandlerExceptionResolverCustomizer> (0x00000000f53e5830) thrown at [C:\workspace\8-2-build-windows-amd64-cygwin\jdk8u65\4987\hotspot\src\share\vm\classfile\systemDictionary.cpÍüfTr`@
Event: 131.573 Thread 0x00000000183a8000 Exception <a 'java/lang/ClassNotFoundException': org/springframework/core/OrderedCustomizer> (0x00000000f53fce80) thrown at [C:\workspace\8-2-build-windows-amd64-cygwin\jdk8u65\4987\hotspot\src\share\vm\classfile\systemDictionary.cpp, line 210]
Event: 131.586 Thread 0x00000000183a8000 Implicit null exception at 0x0000000003a4124f to 0x0000000003a496c1

Events (10 events):
Event: 131.572 loading class org/springframework/web/servlet/HandlerExceptionResolverCustomizer done
Event: 131.572 loading class org/springframework/core/OrderedCustomizer
Event: 131.572 loading class org/springframework/core/OrderedCustomizer done
Event: 131.572 loading class org/springframework/core/OrderedCustomizer
Event: 131.572 loading class org/springframework/core/OrderedCustomizer done
Event: 131.573 loading class org/springframework/core/OrderedCustomizer
Event: 131.573 loading class org/springframework/core/OrderedCustomizer done
Event: 131.586 Thread 0x00000000183a8000 Uncommon trap: trap_request=0xfffffff4 fr.pc=0x0000000003a496ec
Event: 131.586 Thread 0x00000000183a8000 DEOPT PACKING pc=0x0000000003a496ec sp=0x0000000018f5cbd0
Event: 131.586 Thread 0x00000000183a8000 DEOPT UNPACKING pc=0x0000000002d6582a sp=0x0000000018f5cc60 mode 2


Dynamic libraries:
0x00007ff64ef10000 - 0x00007ff64ef47000 	C:\Program Files\Java\jdk1.8.0_65\bin\java.exe
0x00007ffb5f7c0000 - 0x00007ffb5f96d000 	C:\Windows\SYSTEM32\ntdll.dll
0x00007ffb5f680000 - 0x00007ffb5f7be000 	C:\Windows\system32\KERNEL32.DLL
0x00007ffb5ca20000 - 0x00007ffb5cb35000 	C:\Windows\system32\KERNELBASE.dll
0x00007ffb5b4c0000 - 0x00007ffb5b54e000 	C:\Windows\system32\apphelp.dll
0x00007ffb49ac0000 - 0x00007ffb49b13000 	C:\Windows\AppPatch\AppPatch64\AcGenral.DLL
0x00007ffb5d2e0000 - 0x00007ffb5d38a000 	C:\Windows\system32\msvcrt.dll
0x00007ffb5cc40000 - 0x00007ffb5cc6e000 	C:\Windows\system32\SspiCli.dll
0x00007ffb5d390000 - 0x00007ffb5d3e4000 	C:\Windows\system32\SHLWAPI.dll
0x00007ffb5d3f0000 - 0x00007ffb5d567000 	C:\Windows\system32\USER32.dll
0x00007ffb5f330000 - 0x00007ffb5f4c4000 	C:\Windows\system32\ole32.dll
0x00007ffb5d780000 - 0x00007ffb5eca9000 	C:\Windows\system32\SHELL32.dll
0x00007ffb5c0a0000 - 0x00007ffb5c0c1000 	C:\Windows\SYSTEM32\USERENV.dll
0x00007ffb5ef40000 - 0x00007ffb5efea000 	C:\Windows\system32\ADVAPI32.dll
0x00007ffb4af40000 - 0x00007ffb4af5e000 	C:\Windows\SYSTEM32\MPR.dll
0x00007ffb5d640000 - 0x00007ffb5d780000 	C:\Windows\system32\RPCRT4.dll
0x00007ffb5f2d0000 - 0x00007ffb5f329000 	C:\Windows\SYSTEM32\sechost.dll
0x00007ffb5f040000 - 0x00007ffb5f251000 	C:\Windows\SYSTEM32\combase.dll
0x00007ffb5ecb0000 - 0x00007ffb5edff000 	C:\Windows\system32\GDI32.dll
0x00007ffb5c8f0000 - 0x00007ffb5c905000 	C:\Windows\SYSTEM32\profapi.dll
0x00007ffb5ace0000 - 0x00007ffb5ad92000 	C:\Windows\SYSTEM32\SHCORE.dll
0x00007ffb5eff0000 - 0x00007ffb5f026000 	C:\Windows\system32\IMM32.DLL
0x00007ffb5ceb0000 - 0x00007ffb5d002000 	C:\Windows\system32\MSCTF.dll
0x00007ffb59d60000 - 0x00007ffb59fdb000 	C:\Windows\WinSxS\amd64_microsoft.windows.common-controls_6595b64144ccf1df_6.0.9600.18006_none_623f33d3ecbe86e8\COMCTL32.dll
0x0000000061b70000 - 0x0000000061c42000 	C:\Program Files\Java\jdk1.8.0_65\jre\bin\msvcr100.dll
0x00000000606c0000 - 0x0000000060f49000 	C:\Program Files\Java\jdk1.8.0_65\jre\bin\server\jvm.dll
0x00007ffb53210000 - 0x00007ffb53219000 	C:\Windows\SYSTEM32\WSOCK32.dll
0x00007ffb54e20000 - 0x00007ffb54e42000 	C:\Windows\SYSTEM32\WINMM.dll
0x00007ffb53340000 - 0x00007ffb5334a000 	C:\Windows\SYSTEM32\VERSION.dll
0x00007ffb5d2d0000 - 0x00007ffb5d2d7000 	C:\Windows\system32\PSAPI.DLL
0x00007ffb5ce50000 - 0x00007ffb5ceaa000 	C:\Windows\system32\WS2_32.dll
0x00007ffb54df0000 - 0x00007ffb54e1a000 	C:\Windows\SYSTEM32\WINMMBASE.dll
0x00007ffb5f2c0000 - 0x00007ffb5f2c9000 	C:\Windows\system32\NSI.dll
0x00007ffb5cb40000 - 0x00007ffb5cb8f000 	C:\Windows\SYSTEM32\cfgmgr32.dll
0x00007ffb5b730000 - 0x00007ffb5b758000 	C:\Windows\SYSTEM32\DEVOBJ.dll
0x0000000061b20000 - 0x0000000061b2f000 	C:\Program Files\Java\jdk1.8.0_65\jre\bin\verify.dll
0x0000000061af0000 - 0x0000000061b19000 	C:\Program Files\Java\jdk1.8.0_65\jre\bin\java.dll
0x0000000061ad0000 - 0x0000000061ae6000 	C:\Program Files\Java\jdk1.8.0_65\jre\bin\zip.dll
0x00000000619e0000 - 0x00000000619ed000 	C:\Program Files\Java\jdk1.8.0_65\jre\bin\management.dll
0x0000000061ab0000 - 0x0000000061aca000 	C:\Program Files\Java\jdk1.8.0_65\jre\bin\net.dll
0x00007ffb5bff0000 - 0x00007ffb5c049000 	C:\Windows\system32\mswsock.dll
0x00007ffb531d0000 - 0x00007ffb531e5000 	C:\Windows\system32\napinsp.dll
0x00007ffb531b0000 - 0x00007ffb531ca000 	C:\Windows\system32\pnrpnsp.dll
0x00007ffb5a5c0000 - 0x00007ffb5a5db000 	C:\Windows\system32\NLAapi.dll
0x00007ffb5be60000 - 0x00007ffb5bf04000 	C:\Windows\SYSTEM32\DNSAPI.dll
0x00007ffb531a0000 - 0x00007ffb531ad000 	C:\Windows\System32\winrnr.dll
0x00007ffb4e5b0000 - 0x00007ffb4e5c4000 	C:\Windows\system32\wshbth.dll
0x00007ffb53230000 - 0x00007ffb5323a000 	C:\Windows\System32\rasadhlp.dll
0x00007ffb57550000 - 0x00007ffb5757a000 	C:\Windows\SYSTEM32\IPHLPAPI.DLL
0x00007ffb57520000 - 0x00007ffb5752a000 	C:\Windows\SYSTEM32\WINNSI.DLL
0x00007ffb573d0000 - 0x00007ffb5743b000 	C:\Windows\System32\fwpuclnt.dll
0x0000000061a90000 - 0x0000000061aa1000 	C:\Program Files\Java\jdk1.8.0_65\jre\bin\nio.dll
0x00007ffb5c140000 - 0x00007ffb5c160000 	C:\Windows\SYSTEM32\CRYPTSP.dll
0x00007ffb5be20000 - 0x00007ffb5be56000 	C:\Windows\system32\rsaenh.dll
0x00007ffb5c3e0000 - 0x00007ffb5c406000 	C:\Windows\SYSTEM32\bcrypt.dll
0x00007ffb5c6f0000 - 0x00007ffb5c753000 	C:\Windows\system32\bcryptprimitives.dll
0x00007ffb5c760000 - 0x00007ffb5c76b000 	C:\Windows\SYSTEM32\CRYPTBASE.dll
0x00007ffb57040000 - 0x00007ffb57056000 	C:\Windows\SYSTEM32\dhcpcsvc6.DLL
0x00007ffb56ee0000 - 0x00007ffb56efa000 	C:\Windows\SYSTEM32\dhcpcsvc.DLL

VM Arguments:
java_command: org.GestionFormation.GestionFormationApplication
java_class_path (initial): D:\Etude\Spring\Workspace\GestionFormation\target\classes;C:\Users\Ayoub\.m2\repository\org\springframework\boot\spring-boot-starter-data-jpa\1.4.0.RELEASE\spring-boot-starter-data-jpa-1.4.0.RELEASE.jar;C:\Users\Ayoub\.m2\repository\org\springframework\boot\spring-boot-starter\1.4.0.RELEASE\spring-boot-starter-1.4.0.RELEASE.jar;C:\Users\Ayoub\.m2\repository\org\springframework\boot\spring-boot-starter-logging\1.4.0.RELEASE\spring-boot-starter-logging-1.4.0.RELEASE.jar;C:\Users\Ayoub\.m2\repository\ch\qos\logback\logback-classic\1.1.7\logback-classic-1.1.7.jar;C:\Users\Ayoub\.m2\repository\ch\qos\logback\logback-core\1.1.7\logback-core-1.1.7.jar;C:\Users\Ayoub\.m2\repository\org\slf4j\jul-to-slf4j\1.7.21\jul-to-slf4j-1.7.21.jar;C:\Users\Ayoub\.m2\repository\org\slf4j\log4j-over-slf4j\1.7.21\log4j-over-slf4j-1.7.21.jar;C:\Users\Ayoub\.m2\repository\org\yaml\snakeyaml\1.17\snakeyaml-1.17.jar;C:\Users\Ayoub\.m2\repository\org\springframework\boot\spring-boot-starter-aop\1.4.0.RELEASE\spring-boot-starter-aop-1.4.0.RELEASE.jar;C:\Users\Ayoub\.m2\repository\org\aspectj\aspectjweaver\1.8.9\aspectjweaver-1.8.9.jar;C:\Users\Ayoub\.m2\repository\org\springframework\boot\spring-boot-starter-jdbc\1.4.0.RELEASE\spring-boot-starter-jdbc-1.4.0.RELEASE.jar;C:\Users\Ayoub\.m2\repository\org\apache\tomcat\tomcat-jdbc\8.5.4\tomcat-jdbc-8.5.4.jar;C:\Users\Ayoub\.m2\repository\org\apache\tomcat\tomcat-juli\8.5.4\tomcat-juli-8.5.4.jar;C:\Users\Ayoub\.m2\repository\org\springframework\spring-jdbc\4.3.2.RELEASE\spring-jdbc-4.3.2.RELEASE.jar;C:\Users\Ayoub\.m2\repository\org\hibernate\hibernate-core\5.0.9.Final\hibernate-core-5.0.9.Final.jar;C:\Users\Ayoub\.m2\repository\org\jboss\logging\jboss-logging\3.3.0.Final\jboss-logging-3.3.0.Final.jar;C:\Users\Ayoub\.m2\repository\org\hibernate\javax\persistence\hibernate-jpa-2.1-api\1.0.0.Final\hibernate-jpa-2.1-api-1.0.0.Final.jar;C:\Users\Ayoub\.m2\repository\org\javassist\javassist\3.20.0-GA\javassist-3.20.0-GA.jar;C
Launcher Type: SUN_STANDARD

Environment Variables:
JAVA_HOME=C:\Program Files\Java\jdk1.8.0_65
CLASSPATH=C:\Program Files (x86)\Java\jdk1.7.0_55\jre\lib
PATH=D:\Etude\Oracle\oracle_installation\product\11.2.0\dbhome_1\bin;C:\ProgramData\Oracle\Java\javapath;C:\Windows\system32;C:\Windows;C:\Windows\System32\Wbem;C:\Windows\System32\WindowsPowerShell\v1.0\;C:\Program Files\Intel\WiFi\bin\;C:\Program Files\Common Files\Intel\WirelessCommon\;C:\Program Files\Microsoft SQL Server\120\Tools\Binn\;C:\Program Files (x86)\Windows Kits\10\Windows Performance Toolkit\;C:\wamp\bin\php\php5.5.12;C:\ProgramData\ComposerSetup\bin;C:\Program Files (x86)\Skype\Phone\;D:\Etude\AngularJs\Node\;C:\Program Files (x86)\Heroku\bin;C:\Program Files (x86)\git\cmd;C:\Program Files (x86)\Brackets\command;C:\Program Files\Microsoft SQL Server\130\Tools\Binn\;C:\Program Files\Intel\WiFi\bin\;C:\Program Files\Common Files\Intel\WirelessCommon\;C:\Program Files (x86)\Microsoft VS Code\bin;C:\Program Files\Java\jdk1.8.0_65\bin;C:\Users\Ayoub\AppData\Roaming\npm;$ORACLE_HOME;D:\Etude\JavaEE\Utils\apache-maven-3.3.9\bin;C:\Program Files\MongoDB\Server\3.2\bin;C:\ant\apache-ant-1.9.7/bin
USERNAME=Ayoub
OS=Windows_NT
PROCESSOR_IDENTIFIER=Intel64 Family 6 Model 69 Stepping 1, GenuineIntel



---------------  S Y S T E M  ---------------

OS: Windows 8.1 , 64 bit Build 9600 (6.3.9600.17415)

CPU:total 4 (2 cores per cpu, 2 threads per core) family 6 model 69 stepping 1, cmov, cx8, fxsr, mmx, sse, sse2, sse3, ssse3, sse4.1, sse4.2, popcnt, avx, avx2, aes, clmul, erms, lzcnt, ht, tsc, tscinvbit, bmi1, bmi2

Memory: 4k page, physical 4117744k(106164k free), swap 7263472k(35424k free)

vm_info: Java HotSpot(TM) 64-Bit Server VM (25.65-b01) for windows-amd64 JRE (1.8.0_65-b17), built on Oct  6 2015 16:39:20 by "java_re" with MS VC++ 10.0 (VS2010)

time: Thu Sep 08 21:11:16 2016
elapsed time: 131 seconds (0d 0h 2m 11s)

