JvmtiExport can_access_local_variables 0
JvmtiExport can_hotswap_or_post_breakpoint 0
JvmtiExport can_post_on_exceptions 0
# 382 ciObject found
ciMethod java/lang/Object <init> ()V 4097 1 1414652 0 0
ciMethod java/lang/Object getClass ()Ljava/lang/Class; 2049 1 256 0 -1
ciMethod java/lang/Object hashCode ()I 2049 1 256 0 -1
ciMethod java/lang/Object equals (Ljava/lang/Object;)Z 2049 1 18964 0 64
ciMethod java/lang/Object clone ()Ljava/lang/Object; 2049 1 256 0 -1
ciMethod java/lang/Class isAssignableFrom (Ljava/lang/Class;)Z 2049 1 256 0 -1
ciMethod java/lang/Class isInterface ()Z 2049 1 256 0 -1
ciMethod java/lang/Class getClassLoader0 ()Ljava/lang/ClassLoader; 1025 1 128 0 -1
ciMethod java/lang/Class getSuperclass ()Ljava/lang/Class; 2049 1 256 0 -1
ciMethod java/lang/Class getInterfaces ()[Ljava/lang/Class; 169 1 19597 0 1568
ciMethod java/lang/Class getInterfaces0 ()[Ljava/lang/Class; 2057 1 257 0 -1
ciMethod java/lang/Class getMethods ()[Ljava/lang/reflect/Method; 665 1 1550 0 0
ciMethod java/lang/Class getDeclaredMethods ()[Ljava/lang/reflect/Method; 1225 1 2676 0 0
ciMethod java/lang/Class checkMemberAccess (ILjava/lang/Class;Z)V 2049 1 8448 0 96
ciMethod java/lang/Class checkPackageAccess (Ljava/lang/ClassLoader;Z)V 0 0 206 0 -1
ciMethod java/lang/Class reflectionData ()Ljava/lang/Class$ReflectionData; 2065 1 7646 0 1312
ciMethod java/lang/Class newReflectionData (Ljava/lang/ref/SoftReference;I)Ljava/lang/Class$ReflectionData; 513 1 923 0 0
ciMethod java/lang/Class privateGetDeclaredMethods (Z)[Ljava/lang/reflect/Method; 2049 1 7667 0 1664
ciMethod java/lang/Class privateGetPublicMethods ()[Ljava/lang/reflect/Method; 1121 3801 3412 0 0
ciMethod java/lang/Class arrayContentsEq ([Ljava/lang/Object;[Ljava/lang/Object;)Z 2049 1017 8058 0 0
ciMethod java/lang/Class copyMethods ([Ljava/lang/reflect/Method;)[Ljava/lang/reflect/Method; 1673 14473 2272 0 992
ciMethod java/lang/Class getDeclaredMethods0 (Z)[Ljava/lang/reflect/Method; 2057 1 257 0 -1
ciMethod java/lang/Class getReflectionFactory ()Lsun/reflect/ReflectionFactory; 2057 1 9619 0 0
ciMethod java/lang/Class checkInitted ()V 2049 1 16486 0 0
ciMethod java/lang/Class access$300 ([Ljava/lang/Object;[Ljava/lang/Object;)Z 0 0 156 0 0
ciMethod java/lang/ClassLoader getClassLoader (Ljava/lang/Class;)Ljava/lang/ClassLoader; 721 1 3172 0 -1
ciMethod java/lang/System getSecurityManager ()Ljava/lang/SecurityManager; 2049 1 117850 0 0
ciMethod java/lang/System arraycopy (Ljava/lang/Object;ILjava/lang/Object;II)V 5121 1 640 0 -1
ciMethod java/lang/SecurityManager checkPermission (Ljava/security/Permission;)V 0 0 1 0 -1
ciMethod java/lang/ref/Reference get ()Ljava/lang/Object; 1025 1 128 0 -1
ciMethod java/lang/ref/Reference <init> (Ljava/lang/Object;)V 1505 1 33847 0 0
ciMethod java/lang/ref/Reference <init> (Ljava/lang/Object;Ljava/lang/ref/ReferenceQueue;)V 2065 1 44154 0 96
ciMethod java/lang/ref/SoftReference <init> (Ljava/lang/Object;)V 1361 1 9462 0 0
ciMethod java/lang/ref/SoftReference get ()Ljava/lang/Object; 2049 1 56573 0 0
ciMethod java/util/Map get (Ljava/lang/Object;)Ljava/lang/Object; 0 0 1 0 -1
ciMethod java/util/Map put (Ljava/lang/Object;Ljava/lang/Object;)Ljava/lang/Object; 0 0 1 0 -1
ciMethod java/lang/reflect/AccessibleObject <init> ()V 2049 1 23212 0 0
ciMethod java/lang/reflect/Member getName ()Ljava/lang/String; 0 0 1 0 -1
ciMethod java/lang/reflect/Method <init> (Ljava/lang/Class;Ljava/lang/String;[Ljava/lang/Class;Ljava/lang/Class;[Ljava/lang/Class;IILjava/lang/String;[B[B[B)V 3073 1 5384 0 0
ciMethod java/lang/reflect/Method copy ()Ljava/lang/reflect/Method; 2081 1 5384 0 352
ciMethod java/lang/reflect/Method getDeclaringClass ()Ljava/lang/Class; 1025 1 128 0 0
ciMethod java/lang/reflect/Method getName ()Ljava/lang/String; 1209 1 151 0 0
ciMethod java/lang/reflect/Method getModifiers ()I 1105 1 138 0 0
ciMethod java/lang/reflect/Method getReturnType ()Ljava/lang/Class; 1033 1 129 0 0
ciMethod java/lang/reflect/Method getParameterTypes ()[Ljava/lang/Class; 2105 1 122970 0 256
ciMethod java/lang/reflect/Method equals (Ljava/lang/Object;)Z 2073 1 53637 0 256
ciMethod java/lang/reflect/Method isBridge ()Z 2065 1 30667 0 -1
ciMethod java/lang/reflect/Method isDefault ()Z 1961 1 24005 0 128
ciMethod java/lang/reflect/Executable <init> ()V 2057 1 9671 0 0
ciMethod java/lang/reflect/Executable equalParamTypes ([Ljava/lang/Class;[Ljava/lang/Class;)Z 1 1 1978 0 0
ciMethod sun/misc/Unsafe compareAndSwapObject (Ljava/lang/Object;JLjava/lang/Object;Ljava/lang/Object;)Z 2049 1 256 0 -1
ciMethod java/security/AccessController doPrivileged (Ljava/security/PrivilegedAction;)Ljava/lang/Object; 2049 1 256 0 -1
ciMethod sun/reflect/ReflectionFactory$GetReflectionFactoryAction <init> ()V 33 1 4 0 -1
ciMethod java/util/List size ()I 0 0 1 0 -1
ciMethod java/util/List iterator ()Ljava/util/Iterator; 0 0 1 0 -1
ciMethod java/util/List add (Ljava/lang/Object;)Z 0 0 1 0 -1
ciMethod java/util/AbstractList listIterator ()Ljava/util/ListIterator; 2089 1 13944 0 0
ciMethod java/util/AbstractList listIterator (I)Ljava/util/ListIterator; 41 1 5 0 -1
ciMethod sun/reflect/ReflectionFactory copyMethod (Ljava/lang/reflect/Method;)Ljava/lang/reflect/Method; 2049 1 26850 0 0
ciMethod sun/reflect/ReflectionFactory langReflectAccess ()Lsun/reflect/LangReflectAccess; 2049 1 44684 0 0
ciMethod java/lang/Math max (II)I 985 1 32590 0 -1
ciMethod java/util/Set size ()I 0 0 1 0 -1
ciMethod java/util/Set contains (Ljava/lang/Object;)Z 0 0 1 0 -1
ciMethod java/util/Collections emptySet ()Ljava/util/Set; 953 1 19810 0 -1
ciMethod java/util/Iterator hasNext ()Z 0 0 1 0 -1
ciMethod java/util/Iterator next ()Ljava/lang/Object; 0 0 1 0 -1
ciMethod sun/reflect/Reflection getCallerClass ()Ljava/lang/Class; 2049 1 256 0 -1
ciMethod sun/reflect/Reflection filterMethods (Ljava/lang/Class;[Ljava/lang/reflect/Method;)[Ljava/lang/reflect/Method; 497 1 852 0 0
ciMethod sun/reflect/Reflection filter ([Ljava/lang/reflect/Member;[Ljava/lang/String;)[Ljava/lang/reflect/Member; 641 1 2161 0 0
ciMethod java/lang/Class$3 <init> ()V 33 1 4 0 -1
ciMethod java/lang/Class$ReflectionData <init> (I)V 2057 1 923 0 0
ciMethod java/lang/Class$Atomic casReflectionData (Ljava/lang/Class;Ljava/lang/ref/SoftReference;Ljava/lang/ref/SoftReference;)Z 2057 1 923 0 0
ciMethod java/lang/reflect/Modifier isPublic (I)Z 665 1 48953 0 -1
ciMethod java/lang/reflect/Modifier isStatic (I)Z 2065 1 20885 0 64
ciMethod java/lang/reflect/Modifier isAbstract (I)Z 2049 1 8674 0 0
ciMethod sun/reflect/LangReflectAccess copyMethod (Ljava/lang/reflect/Method;)Ljava/lang/reflect/Method; 0 0 1 0 -1
ciMethod java/lang/reflect/ReflectAccess copyMethod (Ljava/lang/reflect/Method;)Ljava/lang/reflect/Method; 2081 1 26850 0 0
ciMethod java/util/Arrays copyOf ([Ljava/lang/Object;I)[Ljava/lang/Object; 2073 1 13687 0 384
ciMethod java/util/Arrays copyOf ([Ljava/lang/Object;ILjava/lang/Class;)[Ljava/lang/Object; 2089 1 12565 0 -1
ciMethodData java/lang/Object <init> ()V 2 1414652 orig 264 136 160 201 96 0 0 0 0 128 4 179 20 0 0 0 0 32 1 0 0 0 0 0 0 0 0 0 0 0 0 0 0 0 0 0 0 0 0 0 0 0 0 0 0 0 0 0 0 0 0 0 0 0 0 0 0 0 0 0 0 0 0 0 0 0 0 0 0 0 0 0 0 0 0 0 0 0 0 0 0 77 68 79 32 101 120 116 114 97 32 100 97 116 97 32 108 111 99 107 0 0 0 0 0 0 0 0 0 0 0 0 0 0 0 0 0 0 0 0 0 0 0 0 0 0 0 0 0 0 0 0 0 0 0 0 0 0 0 0 0 0 0 0 0 0 0 0 0 0 0 0 0 0 0 0 0 0 0 0 0 0 0 0 0 0 0 0 0 0 0 0 0 0 0 0 0 0 0 0 0 0 0 0 0 1 0 0 0 0 0 0 0 1 0 0 0 0 0 0 0 1 0 0 0 0 0 0 0 0 0 0 0 0 0 0 0 0 2 0 0 225 159 172 0 1 0 0 0 0 0 0 0 0 0 0 0 2 0 0 0 0 0 3 0 1 0 0 0 0 0 0 0 255 255 255 255 0 0 0 0 0 0 0 0 data 0 oops 0
ciMethod java/lang/reflect/Array newInstance (Ljava/lang/Class;I)Ljava/lang/Object; 657 1 15643 0 -1
ciMethod java/util/concurrent/locks/ReentrantLock lock ()V 681 1 4029 0 -1
ciMethod java/util/concurrent/locks/ReentrantLock unlock ()V 681 1 4028 0 -1
ciMethod java/lang/Class$MethodArray <init> ()V 1905 1 1851 0 0
ciMethod java/lang/Class$MethodArray <init> (I)V 3097 1 5520 0 256
ciMethod java/lang/Class$MethodArray hasDefaults ()Z 2049 1 5900 0 0
ciMethod java/lang/Class$MethodArray add (Ljava/lang/reflect/Method;)V 2073 1 7468 0 640
ciMethod java/lang/Class$MethodArray addAll ([Ljava/lang/reflect/Method;)V 1033 6465 1119 0 0
ciMethod java/lang/Class$MethodArray addAll (Ljava/lang/Class$MethodArray;)V 161 817 387 0 0
ciMethod java/lang/Class$MethodArray addIfNotPresent (Ljava/lang/reflect/Method;)V 1609 16385 2260 0 1024
ciMethod java/lang/Class$MethodArray addAllIfNotPresent (Ljava/lang/Class$MethodArray;)V 873 4857 739 0 0
ciMethod java/lang/Class$MethodArray addInterfaceMethods ([Ljava/lang/reflect/Method;)V 4641 18177 597 0 0
ciMethod java/lang/Class$MethodArray length ()I 1033 1 129 0 0
ciMethod java/lang/Class$MethodArray get (I)Ljava/lang/reflect/Method; 2217 1 19874 0 0
ciMethod java/lang/Class$MethodArray removeByNameAndDescriptor (Ljava/lang/reflect/Method;)V 2049 11921 3017 0 896
ciMethod java/lang/Class$MethodArray remove (I)V 769 1 613 0 0
ciMethod java/lang/Class$MethodArray matchesNameAndDescriptor (Ljava/lang/reflect/Method;Ljava/lang/reflect/Method;)Z 3665 1 5839 0 576
ciMethod java/lang/Class$MethodArray compactAndTrim ()V 6337 99649 739 0 0
ciMethod java/lang/Class$MethodArray removeLessSpecifics ()V 1369 9369 5832 0 0
ciMethod java/lang/Class$MethodArray getArray ()[Ljava/lang/reflect/Method; 873 1 109 0 0
ciMethod java/lang/Class$MethodArray hasMoreSpecificClass (Ljava/lang/reflect/Method;Ljava/lang/reflect/Method;)Z 17 1 14 0 0
ciMethodData java/lang/System getSecurityManager ()Ljava/lang/SecurityManager; 2 117850 orig 264 136 160 201 96 0 0 0 0 232 148 180 20 0 0 0 0 24 1 0 0 0 0 0 0 0 0 0 0 0 0 0 0 0 0 0 0 0 0 0 0 0 0 0 0 0 0 0 0 0 0 0 0 0 0 0 0 0 0 0 0 0 0 0 0 0 0 0 0 0 0 0 0 0 0 0 0 0 0 0 0 77 68 79 32 101 120 116 114 97 32 100 97 116 97 32 108 111 99 107 0 0 0 0 0 0 0 0 0 0 0 0 0 0 0 0 0 0 0 0 0 0 0 0 0 0 0 0 0 0 0 0 0 0 0 0 0 0 0 0 0 0 0 0 0 0 0 0 0 0 0 0 0 0 0 0 0 0 0 0 0 0 0 0 0 0 0 0 0 0 0 0 0 0 0 0 0 0 0 0 0 0 0 0 0 1 0 0 0 0 0 0 0 0 0 0 0 0 0 0 0 0 0 0 0 0 0 0 0 0 0 0 0 0 0 0 0 0 1 0 0 209 90 14 0 1 0 0 0 0 0 0 0 0 0 0 0 2 0 0 0 0 0 3 0 1 0 0 0 0 0 0 0 255 255 255 255 0 0 0 0 0 0 0 0 data 0 oops 0
ciMethodData java/lang/ref/Reference <init> (Ljava/lang/Object;Ljava/lang/ref/ReferenceQueue;)V 2 44154 orig 264 136 160 201 96 0 0 0 0 176 128 181 20 0 0 0 0 120 1 0 0 0 0 0 0 0 0 0 0 0 0 0 0 0 0 0 0 0 0 0 0 0 0 0 0 0 0 0 0 0 0 0 0 0 0 0 0 0 0 0 0 0 0 0 0 0 0 0 0 0 0 0 0 0 0 0 0 0 0 0 0 77 68 79 32 101 120 116 114 97 32 100 97 116 97 32 108 111 99 107 0 0 0 0 0 0 0 0 0 0 0 0 0 0 0 0 0 0 0 0 0 0 0 0 0 0 0 0 0 0 0 0 0 0 0 0 0 0 0 0 0 0 0 0 0 0 0 0 0 0 0 0 0 0 0 0 0 0 0 0 0 0 0 0 0 0 0 0 0 0 0 0 0 0 0 0 0 0 0 0 0 0 0 0 0 1 0 0 0 0 0 0 0 0 0 0 0 0 0 0 0 1 0 0 0 0 0 0 0 0 0 0 0 0 0 0 0 2 1 0 0 193 91 5 0 1 0 0 0 0 0 0 0 0 0 0 0 2 0 0 0 0 0 6 0 2 0 0 0 72 0 0 0 255 255 255 255 2 0 1 0 0 0 0 0 data 9 0x10002 0xab77 0xb0007 0x487e 0x38 0x62f9 0x110003 0x62f9 0x18 oops 0
ciMethod java/util/LinkedList <init> ()V 2049 1 18455 0 32
ciMethod java/util/LinkedList linkLast (Ljava/lang/Object;)V 1721 1 9433 0 -1
ciMethod java/util/LinkedList size ()I 1025 1 128 0 0
ciMethod java/util/LinkedList add (Ljava/lang/Object;)Z 4097 1 6767 0 256
ciMethod java/util/LinkedList checkPositionIndex (I)V 2137 1 44936 0 -1
ciMethod java/util/LinkedList listIterator (I)Ljava/util/ListIterator; 2049 1 9783 0 384
ciMethod java/util/AbstractSequentialList <init> ()V 2041 1 18455 0 -1
ciMethod java/util/AbstractSequentialList iterator ()Ljava/util/Iterator; 4097 1 10336 0 288
ciMethodData java/lang/ref/SoftReference get ()Ljava/lang/Object; 2 56573 orig 264 136 160 201 96 0 0 0 0 104 136 181 20 0 0 0 0 112 1 0 0 0 0 0 0 0 0 0 0 0 0 0 0 0 0 0 0 0 0 0 0 0 0 0 0 0 0 0 0 0 0 0 0 0 0 0 0 0 0 0 0 0 0 0 0 0 0 0 0 0 0 0 0 0 0 0 0 0 0 0 0 77 68 79 32 101 120 116 114 97 32 100 97 116 97 32 108 111 99 107 0 0 0 0 0 0 0 0 0 0 0 0 0 0 0 0 0 0 0 0 0 0 0 0 0 0 0 0 0 0 0 0 0 0 0 0 0 0 0 0 0 0 0 0 0 0 0 0 0 0 0 0 0 0 0 0 0 0 0 0 0 0 0 0 0 0 0 0 0 0 0 0 0 0 0 0 0 0 0 0 0 0 0 0 0 1 0 0 0 0 0 0 0 0 0 0 0 0 0 0 0 1 0 0 0 0 0 0 0 0 0 0 0 0 0 0 0 0 1 0 0 233 223 6 0 1 0 0 0 0 0 0 0 0 0 0 0 2 0 0 0 0 0 8 0 2 0 0 0 80 0 0 0 255 255 255 255 2 0 1 0 0 0 0 0 data 10 0x10002 0xdbfd 0x60007 0x0 0x40 0xdbfd 0x110007 0xd723 0x20 0x4db oops 0
ciMethod java/util/LinkedList$ListItr <init> (Ljava/util/LinkedList;I)V 2049 1 9635 0 -1
ciMethod java/util/LinkedList$ListItr hasNext ()Z 2577 1 35857 0 64
ciMethod java/util/LinkedList$ListItr next ()Ljava/lang/Object; 3089 1 30838 0 192
ciMethod java/util/LinkedList$ListItr checkForComodification ()V 3089 1 31189 0 -1
ciMethodData java/lang/Class getInterfaces ()[Ljava/lang/Class; 2 19597 orig 264 136 160 201 96 0 0 0 0 56 204 179 20 0 0 0 0 24 2 0 0 96 0 0 0 0 0 0 0 0 0 0 0 0 0 0 0 0 0 0 0 0 0 0 0 0 0 0 0 0 0 0 0 0 0 0 0 0 0 0 0 0 0 0 0 0 0 0 0 0 0 0 0 0 0 0 0 0 0 0 0 77 68 79 32 101 120 116 114 97 32 100 97 116 97 32 108 111 99 107 0 0 0 0 0 0 0 0 0 0 0 0 0 0 0 0 0 0 0 0 0 0 0 0 0 0 0 0 0 0 0 0 0 0 0 0 0 0 0 0 0 0 0 0 0 0 0 0 0 0 0 0 0 0 0 0 0 0 0 0 0 0 0 0 0 0 0 0 0 0 0 0 0 0 0 0 0 0 0 0 0 0 0 0 0 17 0 0 0 0 0 0 0 0 0 0 0 0 0 0 0 0 0 0 0 0 0 0 0 0 0 0 0 0 0 0 0 21 0 0 0 193 99 2 0 1 0 0 0 0 0 0 0 0 0 0 0 2 0 0 0 0 0 8 0 2 0 0 0 208 0 0 0 255 255 255 255 2 0 1 0 0 0 0 0 data 26 0x10002 0x4c78 0x60007 0x4c78 0x30 0x0 0xa0002 0x0 0x140007 0x492a 0x30 0x34e 0x180002 0x34e 0x220005 0x0 0x18249be0 0x4c78 0x0 0x0 0x250004 0x0 0x18249be0 0x4c78 0x0 0x0 oops 2